Could not match left part of protein name: Unknown  protein for peptide #61741
Extraction result is:  []
Could not match left part of protein name: Unknown  protein for peptide #57090
Extraction result is:  []
There is no GeneName or OrganismSource in the protein name: tr|H7C469|H7C469_HUMAN Uncharacterized protein (Fragment) OS=Homo sapiens PE=1 SV=4
Feature types extracted are:  ['OS', 'PE', 'SV']
Could not match left part of protein name: Unknown  protein for peptide #177397
Extraction result is:  []
Sending request for: RecName[Title] AND "CPE"[Gene Name] AND "Homo sapiens"[Organism] ...
Results: ['115892']
Sending request for: RecName[Title] AND "PCYOX1"[Gene Name] AND "Homo sapiens"[Organism] ...
Results: ['115311617']
Sending request for: RecName[Title] AND "PLXNB2"[Gene Name] AND "Homo sapiens"[Organism] ...
Results: ['126302585']
Sending request for: RecName[Title] AND "TOR1AIP2"[Gene Name] AND "Homo sapiens"[Organism] ...
Results: ['74751288', '74718274']
Sending request for: RecName[Title] AND "TSPAN3"[Gene Name] AND "Homo sapiens"[Organism] ...
Results: ['11135123']
Sending request for: RecName[Title] AND "CD63"[Gene Name] AND "Homo sapiens"[Organism] ...
Results: ['116026']
Sending request for: RecName[Title] AND "FBN2"[Gene Name] AND "Homo sapiens"[Organism] ...
Results: ['238054385']
Sending request for: RecName[Title] AND "COL6A1"[Gene Name] AND "Homo sapiens"[Organism] ...
Results: ['125987811']
Sending request for: RecName[Title] AND "EFNB1"[Gene Name] AND "Homo sapiens"[Organism] ...
Results: ['1706668']
Sending request for: RecName[Title] AND "ATRAID"[Gene Name] AND "Homo sapiens"[Organism] ...
Results: ['239938597']
Sending request for: RecName[Title] AND "FLT1"[Gene Name] AND "Homo sapiens"[Organism] ...
Results: ['143811474']
Sending request for: RecName[Title] AND "HMGCR"[Gene Name] AND "Homo sapiens"[Organism] ...
Results: ['123343']
Sending request for: RecName[Title] AND "MARCKS"[Gene Name] AND "Homo sapiens"[Organism] ...
Results: ['76803798']
Sending request for: RecName[Title] AND "JAG1"[Gene Name] AND "Homo sapiens"[Organism] ...
Results: ['20455033']
Sending request for: RecName[Title] AND "MPZL1"[Gene Name] AND "Homo sapiens"[Organism] ...
Results: ['74762127']
Sending request for: RecName[Title] AND "CASC4"[Gene Name] AND "Homo sapiens"[Organism] ...
Results: ['74737334']
Sending request for: RecName[Title] AND "ASPH"[Gene Name] AND "Homo sapiens"[Organism] ...
Results: ['145559444']
Sending request for: RecName[Title] AND "NCSTN"[Gene Name] AND "Homo sapiens"[Organism] ...
Results: ['12231037']
Sending request for: RecName[Title] AND "ERO1L"[Gene Name] AND "Homo sapiens"[Organism] ...
Results: ['50400608']
Sending request for: RecName[Title] AND "LTBP1"[Gene Name] AND "Homo sapiens"[Organism] ...
Results: ['290457687']
Sending request for: RecName[Title] AND "TNFRSF19"[Gene Name] AND "Homo sapiens"[Organism] ...
Results: ['21264102']
Sending request for: RecName[Title] AND "RCN1"[Gene Name] AND "Homo sapiens"[Organism] ...
Results: ['2493462']
Sending request for: RecName[Title] AND "LEPRE1"[Gene Name] AND "Homo sapiens"[Organism] ...
Results: ['109892809']
Sending request for: RecName[Title] AND "ADAMTS1"[Gene Name] AND "Homo sapiens"[Organism] ...
Results: ['124053460']
Sending request for: RecName[Title] AND "TM9SF1"[Gene Name] AND "Homo sapiens"[Organism] ...
Results: ['62299047']
Sending request for: RecName[Title] AND "SLC1A5"[Gene Name] AND "Homo sapiens"[Organism] ...
Results: ['21542389']
Sending request for: RecName[Title] AND "IGSF3"[Gene Name] AND "Homo sapiens"[Organism] ...
Results: ['172046061']
Sending request for: RecName[Title] AND "CRELD2"[Gene Name] AND "Homo sapiens"[Organism] ...
Results: ['74738218']
Sending request for: RecName[Title] AND "HLA-B"[Gene Name] AND "Homo sapiens"[Organism] ...
Results: ['34305704', '34305703', '34305677', '34305608', '34222512', '34222510', '1345599', '416557', '231421', '231418', '231416', '231415', '231414', '231413', '231411', '231409', '231408', '231407', '231406', '231404']
Sending request for: RecName[Title] AND "ITPR3"[Gene Name] AND "Homo sapiens"[Organism] ...
Results: ['209572633']
Sending request for: RecName[Title] AND "KIAA1467"[Gene Name] AND "Homo sapiens"[Organism] ...
Results: ['152013758']
Sending request for: RecName[Title] AND "ICAM5"[Gene Name] AND "Homo sapiens"[Organism] ...
Results: ['296439327']
Sending request for: RecName[Title] AND "LAMB2"[Gene Name] AND "Homo sapiens"[Organism] ...
Results: ['224471885', '156630892']
Sending request for: RecName[Title] AND "LMAN2L"[Gene Name] AND "Homo sapiens"[Organism] ...
Results: ['29611906']
Sending request for: RecName[Title] AND "SSR1"[Gene Name] AND "Homo sapiens"[Organism] ...
Results: ['22261821']
Sending request for: RecName[Title] AND "GBA"[Gene Name] AND "Homo sapiens"[Organism] ...
Results: ['55584151']
Sending request for: RecName[Title] AND "ATP1B2"[Gene Name] AND "Homo sapiens"[Organism] ...
Results: ['125987795']
Sending request for: RecName[Title] AND "WNT5A"[Gene Name] AND "Homo sapiens"[Organism] ...
Results: ['212276478']
Sending request for: RecName[Title] AND "SLC6A15"[Gene Name] AND "Homo sapiens"[Organism] ...
Results: ['18202939']
Sending request for: RecName[Title] AND "TOR1B"[Gene Name] AND "Homo sapiens"[Organism] ...
Results: ['13878818']
Sending request for: RecName[Title] AND "FREM2"[Gene Name] AND "Homo sapiens"[Organism] ...
Results: ['73620903']
Sending request for: RecName[Title] AND "MAGEA11"[Gene Name] AND "Homo sapiens"[Organism] ...
Results: ['97536722']
Sending request for: RecName[Title] AND "HSPG2"[Gene Name] AND "Homo sapiens"[Organism] ...
Results: ['317373536']
Sending request for: RecName[Title] AND "FAT1"[Gene Name] AND "Homo sapiens"[Organism] ...
Results: ['334302792']
Sending request for: RecName[Title] AND "KIT"[Gene Name] AND "Homo sapiens"[Organism] ...
Results: ['125472']
Sending request for: RecName[Title] AND "CXADR"[Gene Name] AND "Homo sapiens"[Organism] ...
Results: ['6685351']
Sending request for: RecName[Title] AND "CPD"[Gene Name] AND "Homo sapiens"[Organism] ...
Results: ['115502368']
Sending request for: RecName[Title] AND "ATP1B3"[Gene Name] AND "Homo sapiens"[Organism] ...
Results: ['1703470']
Sending request for: RecName[Title] AND "QSOX2"[Gene Name] AND "Homo sapiens"[Organism] ...
Results: ['158958335']
Sending request for: RecName[Title] AND "SLC29A1"[Gene Name] AND "Homo sapiens"[Organism] ...
Results: ['9296956']
Sending request for: RecName[Title] AND "CD46"[Gene Name] AND "Homo sapiens"[Organism] ...
Results: ['41019474']
Sending request for: RecName[Title] AND "UST"[Gene Name] AND "Homo sapiens"[Organism] ...
Results: ['68052988']
Sending request for: RecName[Title] AND "FAM171A2"[Gene Name] AND "Homo sapiens"[Organism] ...
Results: ['182701410']
Sending request for: RecName[Title] AND "EXT2"[Gene Name] AND "Homo sapiens"[Organism] ...
Results: ['3023739']
Sending request for: RecName[Title] AND "TMEM245"[Gene Name] AND "Homo sapiens"[Organism] ...
Results: ['71152403']
Sending request for: RecName[Title] AND "ALCAM"[Gene Name] AND "Homo sapiens"[Organism] ...
Results: ['118572629']
Sending request for: RecName[Title] AND "CNNM4"[Gene Name] AND "Homo sapiens"[Organism] ...
Results: ['224471892']
Sending request for: RecName[Title] AND "RANBP1"[Gene Name] AND "Homo sapiens"[Organism] ...
Results: ['1172837']
Sending request for: RecName[Title] AND "EFCAB14"[Gene Name] AND "Homo sapiens"[Organism] ...
Results: ['45593466']
Sending request for: RecName[Title] AND "EPCAM"[Gene Name] AND "Homo sapiens"[Organism] ...
Results: ['160266056']
Sending request for: RecName[Title] AND "NT5E"[Gene Name] AND "Homo sapiens"[Organism] ...
Results: ['112825']
Sending request for: RecName[Title] AND "LIPA"[Gene Name] AND "Homo sapiens"[Organism] ...
Results: ['68067636']
Sending request for: RecName[Title] AND "CTSL"[Gene Name] AND "Homo sapiens"[Organism] ...
Results: ['115741']
Sending request for: RecName[Title] AND "GPR126"[Gene Name] AND "Homo sapiens"[Organism] ...
Results: ['215274152']
Sending request for: RecName[Title] AND "RPN1"[Gene Name] AND "Homo sapiens"[Organism] ...
Results: ['132559']
Sending request for: RecName[Title] AND "CD9"[Gene Name] AND "Homo sapiens"[Organism] ...
Results: ['231724']
Sending request for: RecName[Title] AND "FRAS1"[Gene Name] AND "Homo sapiens"[Organism] ...
Results: ['476007832']
Sending request for: RecName[Title] AND "CHRNA5"[Gene Name] AND "Homo sapiens"[Organism] ...
Results: ['2506126']
Sending request for: RecName[Title] AND "CNPY3"[Gene Name] AND "Homo sapiens"[Organism] ...
Results: ['74752319']
Sending request for: RecName[Title] AND "PRKCSH"[Gene Name] AND "Homo sapiens"[Organism] ...
Results: ['116242499']
Sending request for: RecName[Title] AND "ITGB1"[Gene Name] AND "Homo sapiens"[Organism] ...
Results: ['218563324']
Sending request for: RecName[Title] AND "HEXB"[Gene Name] AND "Homo sapiens"[Organism] ...
Results: ['123081']
Sending request for: RecName[Title] AND "THBS1"[Gene Name] AND "Homo sapiens"[Organism] ...
Results: ['117949802']
Sending request for: RecName[Title] AND "PTPRK"[Gene Name] AND "Homo sapiens"[Organism] ...
Results: ['146345496']
Sending request for: RecName[Title] AND "SOD1"[Gene Name] AND "Homo sapiens"[Organism] ...
Results: ['134611']
Sending request for: RecName[Title] AND "ATP6V0E2"[Gene Name] AND "Homo sapiens"[Organism] ...
Results: ['74715659']
Sending request for: RecName[Title] AND "LEPR"[Gene Name] AND "Homo sapiens"[Organism] ...
Results: ['116242617', '6093608']
Sending request for: RecName[Title] AND "IKBIP"[Gene Name] AND "Homo sapiens"[Organism] ...
Results: ['74712656']
Sending request for: RecName[Title] AND "ULBP2"[Gene Name] AND "Homo sapiens"[Organism] ...
Results: ['47605923']
Sending request for: RecName[Title] AND "MET"[Gene Name] AND "Homo sapiens"[Organism] ...
Results: ['251757497', '160185645']
Sending request for: RecName[Title] AND "CACNA2D2"[Gene Name] AND "Homo sapiens"[Organism] ...
Results: ['387912827']
Sending request for: RecName[Title] AND "SERBP1"[Gene Name] AND "Homo sapiens"[Organism] ...
Results: ['52783206']
Sending request for: RecName[Title] AND "GNPTG"[Gene Name] AND "Homo sapiens"[Organism] ...
Results: ['71152085']
Sending request for: RecName[Title] AND "GAA"[Gene Name] AND "Homo sapiens"[Organism] ...
Results: ['317373572']
Sending request for: RecName[Title] AND "TXNDC5"[Gene Name] AND "Homo sapiens"[Organism] ...
Results: ['29839560']
Sending request for: RecName[Title] AND "PBXIP1"[Gene Name] AND "Homo sapiens"[Organism] ...
Results: ['74751749']
Sending request for: RecName[Title] AND "EIF4G1"[Gene Name] AND "Homo sapiens"[Organism] ...
Results: ['294862538']
Sending request for: RecName[Title] AND "GLB1"[Gene Name] AND "Homo sapiens"[Organism] ...
Results: ['215273939']
Sending request for: RecName[Title] AND "ENPEP"[Gene Name] AND "Homo sapiens"[Organism] ...
Results: ['296439445']
Sending request for: RecName[Title] AND "CBX1"[Gene Name] AND "Homo sapiens"[Organism] ...
Results: ['48428808']
Sending request for: RecName[Title] AND "HNRNPR"[Gene Name] AND "Homo sapiens"[Organism] ...
Results: ['12230547']
Sending request for: RecName[Title] AND "FAM20B"[Gene Name] AND "Homo sapiens"[Organism] ...
Results: ['34921397']
Sending request for: RecName[Title] AND "ANTXR1"[Gene Name] AND "Homo sapiens"[Organism] ...
Results: ['17366074']
Sending request for: RecName[Title] AND "TPP1"[Gene Name] AND "Homo sapiens"[Organism] ...
Results: ['296439451', '108936017', '1351322']
Sending request for: RecName[Title] AND "TXNDC11"[Gene Name] AND "Homo sapiens"[Organism] ...
Results: ['68566185']
Sending request for: RecName[Title] AND "CLTC"[Gene Name] AND "Homo sapiens"[Organism] ...
Results: ['1705916']
Sending request for: RecName[Title] AND "B4GALT6"[Gene Name] AND "Homo sapiens"[Organism] ...
Results: ['13123991']
Sending request for: RecName[Title] AND "SEZ6L2"[Gene Name] AND "Homo sapiens"[Organism] ...
Results: ['334302856']
Sending request for: RecName[Title] AND "NASP"[Gene Name] AND "Homo sapiens"[Organism] ...
Results: ['23503077']
Sending request for: RecName[Title] AND "TXLNA"[Gene Name] AND "Homo sapiens"[Organism] ...
Results: ['55584162']
Sending request for: RecName[Title] AND "TUBB2B"[Gene Name] AND "Homo sapiens"[Organism] ...
Results: ['74761283']
Sending request for: RecName[Title] AND "CDC37"[Gene Name] AND "Homo sapiens"[Organism] ...
Results: ['21542000']
Sending request for: RecName[Title] AND "PLXNA1"[Gene Name] AND "Homo sapiens"[Organism] ...
Results: ['313104202']
Sending request for: RecName[Title] AND "SORCS3"[Gene Name] AND "Homo sapiens"[Organism] ...
Results: ['27151703']
Sending request for: RecName[Title] AND "SDK1"[Gene Name] AND "Homo sapiens"[Organism] ...
Results: ['296452965']
Sending request for: RecName[Title] AND "SORL1"[Gene Name] AND "Homo sapiens"[Organism] ...
Results: ['296452912']
Sending request for: RecName[Title] AND "DSE"[Gene Name] AND "Homo sapiens"[Organism] ...
Results: ['74762778']
Sending request for: RecName[Title] AND "ICAM1"[Gene Name] AND "Homo sapiens"[Organism] ...
Results: ['68067956']
Sending request for: RecName[Title] AND "CTSZ"[Gene Name] AND "Homo sapiens"[Organism] ...
Results: ['12643324']
Sending request for: RecName[Title] AND "CS"[Gene Name] AND "Homo sapiens"[Organism] ...
Results: ['57015285']
Sending request for: RecName[Title] AND "TMEM259"[Gene Name] AND "Homo sapiens"[Organism] ...
Results: ['68565394']
Sending request for: RecName[Title] AND "PLOD1"[Gene Name] AND "Homo sapiens"[Organism] ...
Results: ['78099790']
Sending request for: RecName[Title] AND "PLXNA3"[Gene Name] AND "Homo sapiens"[Organism] ...
Results: ['118572690']
Sending request for: RecName[Title] AND "DNASE2"[Gene Name] AND "Homo sapiens"[Organism] ...
Results: ['3182984']
Sending request for: RecName[Title] AND "PIEZO1"[Gene Name] AND "Homo sapiens"[Organism] ...
Results: ['317373533']
Sending request for: RecName[Title] AND "SLC3A2"[Gene Name] AND "Homo sapiens"[Organism] ...
Results: ['257051063']
Sending request for: RecName[Title] AND "NRP2"[Gene Name] AND "Homo sapiens"[Organism] ...
Results: ['215274096', '2494289']
Sending request for: RecName[Title] AND "B4GAT1"[Gene Name] AND "Homo sapiens"[Organism] ...
Results: ['23396461']
Sending request for: RecName[Title] AND "ATRN"[Gene Name] AND "Homo sapiens"[Organism] ...
Results: ['13431311']
Sending request for: RecName[Title] AND "LEPREL4"[Gene Name] AND "Homo sapiens"[Organism] ...
Results: ['3183090']
Sending request for: RecName[Title] AND "MAN2B1"[Gene Name] AND "Homo sapiens"[Organism] ...
Results: ['118574274']
Sending request for: RecName[Title] AND "ARSB"[Gene Name] AND "Homo sapiens"[Organism] ...
Results: ['114223']
Sending request for: RecName[Title] AND "FUCA1"[Gene Name] AND "Homo sapiens"[Organism] ...
Results: ['156631012']
Sending request for: RecName[Title] AND "DNER"[Gene Name] AND "Homo sapiens"[Organism] ...
Results: ['74730301']
Sending request for: RecName[Title] AND "LAMA5"[Gene Name] AND "Homo sapiens"[Organism] ...
Results: ['317373598']
Sending request for: RecName[Title] AND "CREG1"[Gene Name] AND "Homo sapiens"[Organism] ...
Results: ['59797902']
Sending request for: RecName[Title] AND "HSPD1"[Gene Name] AND "Homo sapiens"[Organism] ...
Results: ['129379']
Sending request for: RecName[Title] AND "VCAN"[Gene Name] AND "Homo sapiens"[Organism] ...
Results: ['2506816']
Sending request for: RecName[Title] AND "CACNA2D1"[Gene Name] AND "Homo sapiens"[Organism] ...
Results: ['262527579']
Sending request for: RecName[Title] AND "BAG6"[Gene Name] AND "Homo sapiens"[Organism] ...
Results: ['76800648']
Sending request for: RecName[Title] AND "FKBP14"[Gene Name] AND "Homo sapiens"[Organism] ...
Results: ['23821568']
Sending request for: RecName[Title] AND "HLA-A"[Gene Name] AND "Homo sapiens"[Organism] ...
Results: ['32363482', '115502347', '34223717', '13124681', '2851527', '2851401', '1345596', '1168212', '1168210', '1168209', '231375', '231372', '231371', '231370', '231368', '231367', '231359', '231347', '122158', '122157']
Sending request for: RecName[Title] AND "EGFR"[Gene Name] AND "Homo sapiens"[Organism] ...
Results: ['2811086']
Sending request for: RecName[Title] AND "TNFRSF10C"[Gene Name] AND "Homo sapiens"[Organism] ...
Results: ['269849734']
Sending request for: RecName[Title] AND "OGFOD3"[Gene Name] AND "Homo sapiens"[Organism] ...
Results: ['172046153']
Sending request for: RecName[Title] AND "GRN"[Gene Name] AND "Homo sapiens"[Organism] ...
Results: ['77416865']
Sending request for: RecName[Title] AND "CLU"[Gene Name] AND "Homo sapiens"[Organism] ...
Results: ['116533']
Sending request for: RecName[Title] AND "EPHB2"[Gene Name] AND "Homo sapiens"[Organism] ...
Results: ['76803654']
Sending request for: RecName[Title] AND "ITGA7"[Gene Name] AND "Homo sapiens"[Organism] ...
Results: ['308153592']
Sending request for: RecName[Title] AND "TPT1"[Gene Name] AND "Homo sapiens"[Organism] ...
Results: ['136479']
Sending request for: RecName[Title] AND "SERPINH1"[Gene Name] AND "Homo sapiens"[Organism] ...
Results: ['20141241']
Sending request for: RecName[Title] AND "NRP1"[Gene Name] AND "Homo sapiens"[Organism] ...
Results: ['311033486', '206729912']
Sending request for: RecName[Title] AND "RPA1"[Gene Name] AND "Homo sapiens"[Organism] ...
Results: ['1350579']
Sending request for: RecName[Title] AND "PRSS23"[Gene Name] AND "Homo sapiens"[Organism] ...
Results: ['20178024']
Sending request for: RecName[Title] AND "IGHG4"[Gene Name] AND "Homo sapiens"[Organism] ...
Results: ['121047']
Sending request for: RecName[Title] AND "CCT2"[Gene Name] AND "Homo sapiens"[Organism] ...
Results: ['6094436']
Sending request for: RecName[Title] AND "POMT1"[Gene Name] AND "Homo sapiens"[Organism] ...
Results: ['332278226']
Sending request for: RecName[Title] AND "SLC39A14"[Gene Name] AND "Homo sapiens"[Organism] ...
Results: ['313104191']
Sending request for: RecName[Title] AND "P4HA2"[Gene Name] AND "Homo sapiens"[Organism] ...
Results: ['20455169']
Sending request for: RecName[Title] AND "LYPD6B"[Gene Name] AND "Homo sapiens"[Organism] ...
Results: ['74715711']
Sending request for: RecName[Title] AND "ADGRL2"[Gene Name] AND "Homo sapiens"[Organism] ...
Results: ['46576868']
Sending request for: RecName[Title] AND "NOMO3"[Gene Name] AND "Homo sapiens"[Organism] ...
Results: ['296439242']
Sending request for: RecName[Title] AND "GNPTAB"[Gene Name] AND "Homo sapiens"[Organism] ...
Results: ['90185244']
Sending request for: RecName[Title] AND "PLAUR"[Gene Name] AND "Homo sapiens"[Organism] ...
Results: ['465003']
Sending request for: RecName[Title] AND "TYRO3"[Gene Name] AND "Homo sapiens"[Organism] ...
Results: ['1717829']
Sending request for: RecName[Title] AND "TMEM30A"[Gene Name] AND "Homo sapiens"[Organism] ...
Results: ['74752991']
Sending request for: RecName[Title] AND "LGMN"[Gene Name] AND "Homo sapiens"[Organism] ...
Results: ['2842759']
Sending request for: RecName[Title] AND "SPPL2A"[Gene Name] AND "Homo sapiens"[Organism] ...
Results: ['25008981']
Sending request for: RecName[Title] AND "GINM1"[Gene Name] AND "Homo sapiens"[Organism] ...
Results: ['68565324']
Sending request for: RecName[Title] AND "LSM14A"[Gene Name] AND "Homo sapiens"[Organism] ...
Results: ['71648673']
Sending request for: RecName[Title] AND "CERS6"[Gene Name] AND "Homo sapiens"[Organism] ...
Results: ['51316251']
Sending request for: RecName[Title] AND "SLC4A7"[Gene Name] AND "Homo sapiens"[Organism] ...
Results: ['229462789']
Sending request for: RecName[Title] AND "EEF1G"[Gene Name] AND "Homo sapiens"[Organism] ...
Results: ['119165']
Sending request for: RecName[Title] AND "CDS2"[Gene Name] AND "Homo sapiens"[Organism] ...
Results: ['119364631', '7673965']
Sending request for: RecName[Title] AND "HLA-E"[Gene Name] AND "Homo sapiens"[Organism] ...
Results: ['34395942']
Sending request for: RecName[Title] AND "TPBG"[Gene Name] AND "Homo sapiens"[Organism] ...
Results: ['73621980']
Sending request for: RecName[Title] AND "SEC16A"[Gene Name] AND "Homo sapiens"[Organism] ...
Results: ['73915357']
Sending request for: RecName[Title] AND "LRP10"[Gene Name] AND "Homo sapiens"[Organism] ...
Results: ['269849756', '46396347']
Sending request for: RecName[Title] AND "TRIM28"[Gene Name] AND "Homo sapiens"[Organism] ...
Results: ['3183179']
Sending request for: RecName[Title] AND "STIM1"[Gene Name] AND "Homo sapiens"[Organism] ...
Results: ['209572721']
Sending request for: RecName[Title] AND "ERLIN1"[Gene Name] AND "Homo sapiens"[Organism] ...
Results: ['67461552']
Sending request for: RecName[Title] AND "LAMP3"[Gene Name] AND "Homo sapiens"[Organism] ...
Results: ['126302564']
Sending request for: RecName[Title] AND "CD97"[Gene Name] AND "Homo sapiens"[Organism] ...
Results: ['90110013']
Sending request for: RecName[Title] AND "PTGFRN"[Gene Name] AND "Homo sapiens"[Organism] ...
Results: ['28201801']
Sending request for: RecName[Title] AND "HSPA4"[Gene Name] AND "Homo sapiens"[Organism] ...
Results: ['206729934']
Sending request for: RecName[Title] AND "TMX3"[Gene Name] AND "Homo sapiens"[Organism] ...
Results: ['78103208']
Sending request for: RecName[Title] AND "SLC26A2"[Gene Name] AND "Homo sapiens"[Organism] ...
Results: ['254763328']
Sending request for: RecName[Title] AND "FOXRED2"[Gene Name] AND "Homo sapiens"[Organism] ...
Results: ['74759632']
Sending request for: RecName[Title] AND "GLMP"[Gene Name] AND "Homo sapiens"[Organism] ...
Results: ['74760578']
Sending request for: RecName[Title] AND "PDGFC"[Gene Name] AND "Homo sapiens"[Organism] ...
Results: ['205830662']
Sending request for: RecName[Title] AND "SMO"[Gene Name] AND "Homo sapiens"[Organism] ...
Results: ['50401688', '6226142']
Sending request for: RecName[Title] AND "IL13RA1"[Gene Name] AND "Homo sapiens"[Organism] ...
Results: ['2494718']
Sending request for: RecName[Title] AND "MFGE8"[Gene Name] AND "Homo sapiens"[Organism] ...
Results: ['2506380']
Sending request for: RecName[Title] AND "TXNDC16"[Gene Name] AND "Homo sapiens"[Organism] ...
Results: ['212276524']
Sending request for: RecName[Title] AND "GPR107"[Gene Name] AND "Homo sapiens"[Organism] ...
Results: ['68565572']
Sending request for: RecName[Title] AND "SUMF1"[Gene Name] AND "Homo sapiens"[Organism] ...
Results: ['62298562']
Sending request for: RecName[Title] AND "LAMP2"[Gene Name] AND "Homo sapiens"[Organism] ...
Results: ['1708854']
Sending request for: RecName[Title] AND "CALR"[Gene Name] AND "Homo sapiens"[Organism] ...
Results: ['117501']
Sending request for: RecName[Title] AND "HSPA13"[Gene Name] AND "Homo sapiens"[Organism] ...
Results: ['1351125']
Sending request for: RecName[Title] AND "TFRC"[Gene Name] AND "Homo sapiens"[Organism] ...
Results: ['108935939']
Sending request for: RecName[Title] AND "CDH2"[Gene Name] AND "Homo sapiens"[Organism] ...
Results: ['116241277']
Sending request for: RecName[Title] AND "CTSV"[Gene Name] AND "Homo sapiens"[Organism] ...
Results: ['12644075']
Sending request for: RecName[Title] AND "NAP1L1"[Gene Name] AND "Homo sapiens"[Organism] ...
Results: ['1709337']
Sending request for: RecName[Title] AND "KRT8"[Gene Name] AND "Homo sapiens"[Organism] ...
Results: ['90110027']
Sending request for: RecName[Title] AND "MASP1"[Gene Name] AND "Homo sapiens"[Organism] ...
Results: ['218512135']
Sending request for: RecName[Title] AND "ITGB8"[Gene Name] AND "Homo sapiens"[Organism] ...
Results: ['124975']
Sending request for: RecName[Title] AND "SLC7A2"[Gene Name] AND "Homo sapiens"[Organism] ...
Results: ['126302539']
Sending request for: RecName[Title] AND "EDEM3"[Gene Name] AND "Homo sapiens"[Organism] ...
Results: ['166897965']
Sending request for: RecName[Title] AND "NPC1"[Gene Name] AND "Homo sapiens"[Organism] ...
Results: ['83305902']
Sending request for: RecName[Title] AND "COLEC12"[Gene Name] AND "Homo sapiens"[Organism] ...
Results: ['296439391']
Sending request for: RecName[Title] AND "TUBB"[Gene Name] AND "Homo sapiens"[Organism] ...
Results: ['56757569']
Sending request for: RecName[Title] AND "PLBD2"[Gene Name] AND "Homo sapiens"[Organism] ...
Results: ['224471847']
Sending request for: RecName[Title] AND "PANX1"[Gene Name] AND "Homo sapiens"[Organism] ...
Results: ['317373551']
Sending request for: RecName[Title] AND "STT3A"[Gene Name] AND "Homo sapiens"[Organism] ...
Results: ['182676409']
Sending request for: RecName[Title] AND "NPC2"[Gene Name] AND "Homo sapiens"[Organism] ...
Results: ['48429027']
Sending request for: RecName[Title] AND "SORT1"[Gene Name] AND "Homo sapiens"[Organism] ...
Results: ['84028263']
Sending request for: RecName[Title] AND "NOTCH2NL"[Gene Name] AND "Homo sapiens"[Organism] ...
Results: ['74750065']
Sending request for: RecName[Title] AND "PTTG1IP"[Gene Name] AND "Homo sapiens"[Organism] ...
Results: ['1711387']
Sending request for: RecName[Title] AND "TMTC3"[Gene Name] AND "Homo sapiens"[Organism] ...
Results: ['134035047']
Sending request for: RecName[Title] AND "SCARB1"[Gene Name] AND "Homo sapiens"[Organism] ...
Results: ['37999904']
Sending request for: RecName[Title] AND "GGT7"[Gene Name] AND "Homo sapiens"[Organism] ...
Results: ['152031612']
Sending request for: RecName[Title] AND "SPINT2"[Gene Name] AND "Homo sapiens"[Organism] ...
Results: ['13124550']
Sending request for: RecName[Title] AND "CD164"[Gene Name] AND "Homo sapiens"[Organism] ...
Results: ['257051036']
Sending request for: RecName[Title] AND "ITPR2"[Gene Name] AND "Homo sapiens"[Organism] ...
Results: ['259016258']
Sending request for: RecName[Title] AND "GXYLT1"[Gene Name] AND "Homo sapiens"[Organism] ...
Results: ['269849602']
Sending request for: RecName[Title] AND "COL2A1"[Gene Name] AND "Homo sapiens"[Organism] ...
Results: ['124056489']
Sending request for: RecName[Title] AND "P4HTM"[Gene Name] AND "Homo sapiens"[Organism] ...
Results: ['32129516']
Sending request for: RecName[Title] AND "NOG"[Gene Name] AND "Homo sapiens"[Organism] ...
Results: ['15214099']
Sending request for: RecName[Title] AND "POGLUT1"[Gene Name] AND "Homo sapiens"[Organism] ...
Results: ['74730148']
Sending request for: RecName[Title] AND "NHLRC3"[Gene Name] AND "Homo sapiens"[Organism] ...
Results: ['74741946']
Sending request for: RecName[Title] AND "ARHGDIA"[Gene Name] AND "Homo sapiens"[Organism] ...
Results: ['1707892']
Sending request for: RecName[Title] AND "STT3B"[Gene Name] AND "Homo sapiens"[Organism] ...
Results: ['74715800']
Sending request for: RecName[Title] AND "BTN2A1"[Gene Name] AND "Homo sapiens"[Organism] ...
Results: ['215274180']
Sending request for: RecName[Title] AND "LNPEP"[Gene Name] AND "Homo sapiens"[Organism] ...
Results: ['145559489']
Sending request for: RecName[Title] AND "ENPP1"[Gene Name] AND "Homo sapiens"[Organism] ...
Results: ['23503088']
Sending request for: RecName[Title] AND "SLC39A10"[Gene Name] AND "Homo sapiens"[Organism] ...
Results: ['156630627']
Sending request for: RecName[Title] AND "RDX"[Gene Name] AND "Homo sapiens"[Organism] ...
Results: ['464541']
Sending request for: RecName[Title] AND "TMEM206"[Gene Name] AND "Homo sapiens"[Organism] ...
Results: ['74752717']
Sending request for: RecName[Title] AND "TENM3"[Gene Name] AND "Homo sapiens"[Organism] ...
Results: ['118573058']
Sending request for: RecName[Title] AND "LY75"[Gene Name] AND "Homo sapiens"[Organism] ...
Results: ['317373426']
Sending request for: RecName[Title] AND "JAM3"[Gene Name] AND "Homo sapiens"[Organism] ...
Results: ['51701611']
Sending request for: RecName[Title] AND "CD44"[Gene Name] AND "Homo sapiens"[Organism] ...
Results: ['308153615']
Sending request for: RecName[Title] AND "ADAM15"[Gene Name] AND "Homo sapiens"[Organism] ...
Results: ['300669614']
Sending request for: RecName[Title] AND "SIAE"[Gene Name] AND "Homo sapiens"[Organism] ...
Results: ['74734243']
Sending request for: RecName[Title] AND "SLIT2"[Gene Name] AND "Homo sapiens"[Organism] ...
Results: ['33112440']
Sending request for: RecName[Title] AND "HYOU1"[Gene Name] AND "Homo sapiens"[Organism] ...
Results: ['10720185']
Sending request for: RecName[Title] AND "ABCA2"[Gene Name] AND "Homo sapiens"[Organism] ...
Results: ['206729923']
Sending request for: RecName[Title] AND "ADGRA3"[Gene Name] AND "Homo sapiens"[Organism] ...
Results: ['50400542']
Sending request for: RecName[Title] AND "GOLIM4"[Gene Name] AND "Homo sapiens"[Organism] ...
Results: ['74705395']
Sending request for: RecName[Title] AND "ITGA3"[Gene Name] AND "Homo sapiens"[Organism] ...
Results: ['347595830']
Sending request for: RecName[Title] AND "HYAL2"[Gene Name] AND "Homo sapiens"[Organism] ...
Results: ['311033483']
Sending request for: RecName[Title] AND "CLDND1"[Gene Name] AND "Homo sapiens"[Organism] ...
Results: ['20532022']
Sending request for: RecName[Title] AND "NCR3LG1"[Gene Name] AND "Homo sapiens"[Organism] ...
Results: ['74708829']
Sending request for: RecName[Title] AND "SEL1L"[Gene Name] AND "Homo sapiens"[Organism] ...
Results: ['62512184']
Sending request for: RecName[Title] AND "ITGB5"[Gene Name] AND "Homo sapiens"[Organism] ...
Results: ['124970']
Sending request for: RecName[Title] AND "SLC9A7"[Gene Name] AND "Homo sapiens"[Organism] ...
Results: ['44888236']
Sending request for: RecName[Title] AND "ERBB4"[Gene Name] AND "Homo sapiens"[Organism] ...
Results: ['3913590']
Sending request for: RecName[Title] AND "ITGA2"[Gene Name] AND "Homo sapiens"[Organism] ...
Results: ['124942']
Sending request for: RecName[Title] AND "SLC22A5"[Gene Name] AND "Homo sapiens"[Organism] ...
Results: ['8928257']
Sending request for: RecName[Title] AND "CERS2"[Gene Name] AND "Homo sapiens"[Organism] ...
Results: ['51316514']
Sending request for: RecName[Title] AND "IGF1R"[Gene Name] AND "Homo sapiens"[Organism] ...
Results: ['124240']
Sending request for: RecName[Title] AND "DCBLD1"[Gene Name] AND "Homo sapiens"[Organism] ...
Results: ['50400555']
Sending request for: RecName[Title] AND "ERGIC2"[Gene Name] AND "Homo sapiens"[Organism] ...
Results: ['108935982']
Sending request for: RecName[Title] AND "TSPAN13"[Gene Name] AND "Homo sapiens"[Organism] ...
Results: ['11135162']
Sending request for: RecName[Title] AND "CD276"[Gene Name] AND "Homo sapiens"[Organism] ...
Results: ['74757248']
Sending request for: RecName[Title] AND "COL4A3BP"[Gene Name] AND "Homo sapiens"[Organism] ...
Results: ['20978413']
Sending request for: RecName[Title] AND "FN1"[Gene Name] AND "Homo sapiens"[Organism] ...
Results: ['300669710']
Sending request for: RecName[Title] AND "CANT1"[Gene Name] AND "Homo sapiens"[Organism] ...
Results: ['66774052']
Sending request for: RecName[Title] AND "IMPAD1"[Gene Name] AND "Homo sapiens"[Organism] ...
Results: ['74734687']
Sending request for: RecName[Title] AND "KDELC1"[Gene Name] AND "Homo sapiens"[Organism] ...
Results: ['74749382']
Sending request for: RecName[Title] AND "MAN2B2"[Gene Name] AND "Homo sapiens"[Organism] ...
Results: ['296439484']
Sending request for: RecName[Title] AND "DCBLD2"[Gene Name] AND "Homo sapiens"[Organism] ...
Results: ['57013820']
Sending request for: RecName[Title] AND "CPVL"[Gene Name] AND "Homo sapiens"[Organism] ...
Results: ['67476930']
Sending request for: RecName[Title] AND "CANX"[Gene Name] AND "Homo sapiens"[Organism] ...
Results: ['543920']
Sending request for: RecName[Title] AND "PPT2"[Gene Name] AND "Homo sapiens"[Organism] ...
Results: ['296453016']
Sending request for: RecName[Title] AND "POMT2"[Gene Name] AND "Homo sapiens"[Organism] ...
Results: ['32171723']
Sending request for: RecName[Title] AND "SLC2A1"[Gene Name] AND "Homo sapiens"[Organism] ...
Results: ['115502394']
Sending request for: RecName[Title] AND "SV2A"[Gene Name] AND "Homo sapiens"[Organism] ...
Results: ['74749878']
Sending request for: RecName[Title] AND "LRRC8B"[Gene Name] AND "Homo sapiens"[Organism] ...
Results: ['88911355']
Sending request for: RecName[Title] AND "TM9SF3"[Gene Name] AND "Homo sapiens"[Organism] ...
Results: ['13878808']
Sending request for: RecName[Title] AND "CLN5"[Gene Name] AND "Homo sapiens"[Organism] ...
Results: ['187608866']
Sending request for: RecName[Title] AND "SLC44A1"[Gene Name] AND "Homo sapiens"[Organism] ...
Results: ['73918923']
Sending request for: RecName[Title] AND "TMEM181"[Gene Name] AND "Homo sapiens"[Organism] ...
Results: ['108935999']
Sending request for: RecName[Title] AND "MDGA1"[Gene Name] AND "Homo sapiens"[Organism] ...
Results: ['46396459']
Sending request for: RecName[Title] AND "OSTM1"[Gene Name] AND "Homo sapiens"[Organism] ...
Results: ['51316434']
Sending request for: RecName[Title] AND "HP1BP3"[Gene Name] AND "Homo sapiens"[Organism] ...
Results: ['74743691']
Sending request for: RecName[Title] AND "GNS"[Gene Name] AND "Homo sapiens"[Organism] ...
Results: ['232126']
Sending request for: RecName[Title] AND "HNRNPU"[Gene Name] AND "Homo sapiens"[Organism] ...
Results: ['254763463']
Sending request for: RecName[Title] AND "SYPL1"[Gene Name] AND "Homo sapiens"[Organism] ...
Results: ['48474786']
Sending request for: RecName[Title] AND "LEMD2"[Gene Name] AND "Homo sapiens"[Organism] ...
Results: ['74751184']
Sending request for: RecName[Title] AND "TMED9"[Gene Name] AND "Homo sapiens"[Organism] ...
Results: ['239938724']
Sending request for: RecName[Title] AND "B3GALTL"[Gene Name] AND "Homo sapiens"[Organism] ...
Results: ['116243011']
Sending request for: RecName[Title] AND "SLC6A8"[Gene Name] AND "Homo sapiens"[Organism] ...
Results: ['1352529']
Sending request for: RecName[Title] AND "ST3GAL6"[Gene Name] AND "Homo sapiens"[Organism] ...
Results: ['54039605']
Sending request for: RecName[Title] AND "SSR2"[Gene Name] AND "Homo sapiens"[Organism] ...
Results: ['1174451']
Sending request for: RecName[Title] AND "CTSB"[Gene Name] AND "Homo sapiens"[Organism] ...
Results: ['68067549']
Sending request for: RecName[Title] AND "VASN"[Gene Name] AND "Homo sapiens"[Organism] ...
Results: ['74748436']
Sending request for: RecName[Title] AND "TXNDC15"[Gene Name] AND "Homo sapiens"[Organism] ...
Results: ['74732127']
Sending request for: RecName[Title] AND "PRCP"[Gene Name] AND "Homo sapiens"[Organism] ...
Results: ['1172047']
Sending request for: RecName[Title] AND "FOLR1"[Gene Name] AND "Homo sapiens"[Organism] ...
Results: ['544337']
Sending request for: RecName[Title] AND "ADAM23"[Gene Name] AND "Homo sapiens"[Organism] ...
Results: ['317373485', '56404446']
Sending request for: RecName[Title] AND "HNRNPF"[Gene Name] AND "Homo sapiens"[Organism] ...
Results: ['1710628']
Sending request for: RecName[Title] AND "FSTL1"[Gene Name] AND "Homo sapiens"[Organism] ...
Results: ['2498390']
Sending request for: RecName[Title] AND "KIRREL"[Gene Name] AND "Homo sapiens"[Organism] ...
Results: ['54036152']
Sending request for: RecName[Title] AND "SLC12A7"[Gene Name] AND "Homo sapiens"[Organism] ...
Results: ['166202480']
Sending request for: RecName[Title] AND "SLC46A1"[Gene Name] AND "Homo sapiens"[Organism] ...
Results: ['74732636']
Sending request for: RecName[Title] AND "MICB"[Gene Name] AND "Homo sapiens"[Organism] ...
Results: ['74706857']
Sending request for: RecName[Title] AND "SUN2"[Gene Name] AND "Homo sapiens"[Organism] ...
Results: ['29337242']
Sending request for: RecName[Title] AND "KDELC2"[Gene Name] AND "Homo sapiens"[Organism] ...
Results: ['110810398']
Sending request for: RecName[Title] AND "PTPRS"[Gene Name] AND "Homo sapiens"[Organism] ...
Results: ['317373519']
Sending request for: RecName[Title] AND "NCAM1"[Gene Name] AND "Homo sapiens"[Organism] ...
Results: ['205830665']
Sending request for: RecName[Title] AND "P4HA1"[Gene Name] AND "Homo sapiens"[Organism] ...
Results: ['2507090']
Sending request for: RecName[Title] AND "BTD"[Gene Name] AND "Homo sapiens"[Organism] ...
Results: ['226693503']
Sending request for: RecName[Title] AND "ANO6"[Gene Name] AND "Homo sapiens"[Organism] ...
Results: ['116242820']
Sending request for: RecName[Title] AND "MIA3"[Gene Name] AND "Homo sapiens"[Organism] ...
Results: ['74741823']
Sending request for: RecName[Title] AND "FUCA2"[Gene Name] AND "Homo sapiens"[Organism] ...
Results: ['254763296']
Sending request for: RecName[Title] AND "EMC1"[Gene Name] AND "Homo sapiens"[Organism] ...
Results: ['74751081']
Sending request for: RecName[Title] AND "CD55"[Gene Name] AND "Homo sapiens"[Organism] ...
Results: ['60416353']
Sending request for: RecName[Title] AND "SUSD5"[Gene Name] AND "Homo sapiens"[Organism] ...
Results: ['182676443']
Sending request for: RecName[Title] AND "DSG2"[Gene Name] AND "Homo sapiens"[Organism] ...
Results: ['148876773']
Sending request for: RecName[Title] AND "TFPI2"[Gene Name] AND "Homo sapiens"[Organism] ...
Results: ['1351226']
Sending request for: RecName[Title] AND "PLA2G15"[Gene Name] AND "Homo sapiens"[Organism] ...
Results: ['44888104']
Sending request for: RecName[Title] AND "SPINT1"[Gene Name] AND "Homo sapiens"[Organism] ...
Results: ['61252335']
Sending request for: RecName[Title] AND "SULF2"[Gene Name] AND "Homo sapiens"[Organism] ...
Results: ['33112446']
Sending request for: RecName[Title] AND "TTYH3"[Gene Name] AND "Homo sapiens"[Organism] ...
Results: ['162416242']
Sending request for: RecName[Title] AND "NRCAM"[Gene Name] AND "Homo sapiens"[Organism] ...
Results: ['215274127']
Sending request for: RecName[Title] AND "PROM1"[Gene Name] AND "Homo sapiens"[Organism] ...
Results: ['13124442']
Sending request for: RecName[Title] AND "CHST10"[Gene Name] AND "Homo sapiens"[Organism] ...
Results: ['61211695']
Sending request for: RecName[Title] AND "CTSC"[Gene Name] AND "Homo sapiens"[Organism] ...
Results: ['317373330']
Sending request for: RecName[Title] AND "SH3GL3"[Gene Name] AND "Homo sapiens"[Organism] ...
Results: ['12643798']
Sending request for: RecName[Title] AND "IGSF8"[Gene Name] AND "Homo sapiens"[Organism] ...
Results: ['74762642']
Sending request for: RecName[Title] AND "MOXD1"[Gene Name] AND "Homo sapiens"[Organism] ...
Results: ['74749373']
Sending request for: RecName[Title] AND "ERAP2"[Gene Name] AND "Homo sapiens"[Organism] ...
Results: ['166232401']
Sending request for: RecName[Title] AND "TAF12"[Gene Name] AND "Homo sapiens"[Organism] ...
Results: ['3024708']
Sending request for: RecName[Title] AND "CD151"[Gene Name] AND "Homo sapiens"[Organism] ...
Results: ['85687560']
Sending request for: RecName[Title] AND "STC1"[Gene Name] AND "Homo sapiens"[Organism] ...
Results: ['1706175']
Sending request for: RecName[Title] AND "POFUT2"[Gene Name] AND "Homo sapiens"[Organism] ...
Results: ['59803123']
Sending request for: RecName[Title] AND "BSG"[Gene Name] AND "Homo sapiens"[Organism] ...
Results: ['51704273']
Sending request for: RecName[Title] AND "PTPRJ"[Gene Name] AND "Homo sapiens"[Organism] ...
Results: ['166899088']
Sending request for: RecName[Title] AND "RBM3"[Gene Name] AND "Homo sapiens"[Organism] ...
Results: ['1710620']
Sending request for: RecName[Title] AND "GLG1"[Gene Name] AND "Homo sapiens"[Organism] ...
Results: ['218512060']
Sending request for: RecName[Title] AND "SEMA4C"[Gene Name] AND "Homo sapiens"[Organism] ...
Results: ['47606208']
Sending request for: RecName[Title] AND "ERBB2"[Gene Name] AND "Homo sapiens"[Organism] ...
Results: ['119533']
Sending request for: RecName[Title] AND "ICOSLG"[Gene Name] AND "Homo sapiens"[Organism] ...
Results: ['19855066']
Sending request for: RecName[Title] AND "MEGF8"[Gene Name] AND "Homo sapiens"[Organism] ...
Results: ['218511690']
Sending request for: RecName[Title] AND "CELSR2"[Gene Name] AND "Homo sapiens"[Organism] ...
Results: ['22095550']
Sending request for: RecName[Title] AND "CTSA"[Gene Name] AND "Homo sapiens"[Organism] ...
Results: ['20178316']
Sending request for: RecName[Title] AND "LAMA3"[Gene Name] AND "Homo sapiens"[Organism] ...
Results: ['215274012']
Sending request for: RecName[Title] AND "CLPTM1L"[Gene Name] AND "Homo sapiens"[Organism] ...
Results: ['74732209']
Sending request for: RecName[Title] AND "PON2"[Gene Name] AND "Homo sapiens"[Organism] ...
Results: ['325511384']
Sending request for: RecName[Title] AND "LAMA4"[Gene Name] AND "Homo sapiens"[Organism] ...
Results: ['292495093']
Sending request for: RecName[Title] AND "LAMP1"[Gene Name] AND "Homo sapiens"[Organism] ...
Results: ['206729915']
Sending request for: RecName[Title] AND "LAMC1"[Gene Name] AND "Homo sapiens"[Organism] ...
Results: ['224471885']
Sending request for: RecName[Title] AND "ITGA4"[Gene Name] AND "Homo sapiens"[Organism] ...
Results: ['311033436']
Sending request for: RecName[Title] AND "UGGT1"[Gene Name] AND "Homo sapiens"[Organism] ...
Results: ['224471872']
Sending request for: RecName[Title] AND "ADAM10"[Gene Name] AND "Homo sapiens"[Organism] ...
Results: ['29337031']
Sending request for: RecName[Title] AND "TOR2A"[Gene Name] AND "Homo sapiens"[Organism] ...
Results: ['74750929', '74742272']
Sending request for: RecName[Title] AND "MCOLN1"[Gene Name] AND "Homo sapiens"[Organism] ...
Results: ['50401163']
Sending request for: RecName[Title] AND "TM2D1"[Gene Name] AND "Homo sapiens"[Organism] ...
Results: ['74752423']
Sending request for: RecName[Title] AND "PLD3"[Gene Name] AND "Homo sapiens"[Organism] ...
Results: ['74750647']
Sending request for: RecName[Title] AND "FKBP9"[Gene Name] AND "Homo sapiens"[Organism] ...
Results: ['85681942', '61224185']
Sending request for: RecName[Title] AND "EPHB4"[Gene Name] AND "Homo sapiens"[Organism] ...
Results: ['19860819']
Sending request for: RecName[Title] AND "CKB"[Gene Name] AND "Homo sapiens"[Organism] ...
Results: ['125294']
Sending request for: RecName[Title] AND "FAM174A"[Gene Name] AND "Homo sapiens"[Organism] ...
Results: ['74730492']
Sending request for: RecName[Title] AND "TTC17"[Gene Name] AND "Homo sapiens"[Organism] ...
Results: ['52783467']
Sending request for: RecName[Title] AND "UGT8"[Gene Name] AND "Homo sapiens"[Organism] ...
Results: ['296434442']
Sending request for: RecName[Title] AND "NAGA"[Gene Name] AND "Homo sapiens"[Organism] ...
Results: ['127801']
Sending request for: RecName[Title] AND "TNC"[Gene Name] AND "Homo sapiens"[Organism] ...
Results: ['281185495']
Sending request for: RecName[Title] AND "ECE1"[Gene Name] AND "Homo sapiens"[Organism] ...
Results: ['1706563']
Sending request for: RecName[Title] AND "KIAA0319L"[Gene Name] AND "Homo sapiens"[Organism] ...
Results: ['187609609']
Sending request for: RecName[Title] AND "NCLN"[Gene Name] AND "Homo sapiens"[Organism] ...
Results: ['68052797']
Sending request for: RecName[Title] AND "ATP6V0E1"[Gene Name] AND "Homo sapiens"[Organism] ...
Results: ['3024811']
Sending request for: RecName[Title] AND "PLXNB1"[Gene Name] AND "Homo sapiens"[Organism] ...
Results: ['51701722']
Sending request for: RecName[Title] AND "ALG9"[Gene Name] AND "Homo sapiens"[Organism] ...
Results: ['73921666']
Sending request for: RecName[Title] AND "SLC44A2"[Gene Name] AND "Homo sapiens"[Organism] ...
Results: ['311033462']
Sending request for: RecName[Title] AND "CALU"[Gene Name] AND "Homo sapiens"[Organism] ...
Results: ['5921197']
Sending request for: RecName[Title] AND "GALNT3"[Gene Name] AND "Homo sapiens"[Organism] ...
Results: ['209572629']
Sending request for: RecName[Title] AND "HS2ST1"[Gene Name] AND "Homo sapiens"[Organism] ...
Results: ['68052326']
Sending request for: RecName[Title] AND "CTBS"[Gene Name] AND "Homo sapiens"[Organism] ...
Results: ['399376']
Sending request for: RecName[Title] AND "GAPDH"[Gene Name] AND "Homo sapiens"[Organism] ...
Results: ['120649']
Sending request for: RecName[Title] AND "EFNB2"[Gene Name] AND "Homo sapiens"[Organism] ...
Results: ['1706673']
Sending request for: RecName[Title] AND "BSCL2"[Gene Name] AND "Homo sapiens"[Organism] ...
Results: ['269849705']
Sending request for: RecName[Title] AND "MERTK"[Gene Name] AND "Homo sapiens"[Organism] ...
Results: ['160332297']
Sending request for: RecName[Title] AND "LDHA"[Gene Name] AND "Homo sapiens"[Organism] ...
Results: ['126047']
Sending request for: RecName[Title] AND "FAT4"[Gene Name] AND "Homo sapiens"[Organism] ...
Results: ['172046149']
Sending request for: RecName[Title] AND "THSD4"[Gene Name] AND "Homo sapiens"[Organism] ...
Results: ['166229088']
Sending request for: RecName[Title] AND "KREMEN1"[Gene Name] AND "Homo sapiens"[Organism] ...
Results: ['212287927']
Sending request for: RecName[Title] AND "DSC3"[Gene Name] AND "Homo sapiens"[Organism] ...
Results: ['116241342', '461968']
Sending request for: RecName[Title] AND "TSPAN15"[Gene Name] AND "Homo sapiens"[Organism] ...
Results: ['11135165']
Sending request for: RecName[Title] AND "UBA2"[Gene Name] AND "Homo sapiens"[Organism] ...
Results: ['42559898']
Sending request for: RecName[Title] AND "SCARF2"[Gene Name] AND "Homo sapiens"[Organism] ...
Results: ['380865486']
Sending request for: RecName[Title] AND "DSC2"[Gene Name] AND "Homo sapiens"[Organism] ...
Results: ['461968']
Sending request for: RecName[Title] AND "ITFG1"[Gene Name] AND "Homo sapiens"[Organism] ...
Results: ['45477238']
Sending request for: RecName[Title] AND "TIMP1"[Gene Name] AND "Homo sapiens"[Organism] ...
Results: ['135850']
Sending request for: RecName[Title] AND "LRP2"[Gene Name] AND "Homo sapiens"[Organism] ...
Results: ['160332309']
Sending request for: RecName[Title] AND "MAP4"[Gene Name] AND "Homo sapiens"[Organism] ...
Results: ['269849673']
Sending request for: RecName[Title] AND "POMGNT2"[Gene Name] AND "Homo sapiens"[Organism] ...
Results: ['74729999']
Sending request for: RecName[Title] AND "CADM4"[Gene Name] AND "Homo sapiens"[Organism] ...
Results: ['74762572']
Sending request for: RecName[Title] AND "MRC2"[Gene Name] AND "Homo sapiens"[Organism] ...
Results: ['317373394']
Sending request for: RecName[Title] AND "HINT1"[Gene Name] AND "Homo sapiens"[Organism] ...
Results: ['1708543']
Sending request for: RecName[Title] AND "ACE"[Gene Name] AND "Homo sapiens"[Organism] ...
Results: ['113045']
Sending request for: RecName[Title] AND "HN1"[Gene Name] AND "Homo sapiens"[Organism] ...
Results: ['74735046']
Sending request for: RecName[Title] AND "EEF1A1"[Gene Name] AND "Homo sapiens"[Organism] ...
Results: ['55584035']
Sending request for: RecName[Title] AND "FASN"[Gene Name] AND "Homo sapiens"[Organism] ...
Results: ['269849686']
Sending request for: RecName[Title] AND "ATP6AP1"[Gene Name] AND "Homo sapiens"[Organism] ...
Results: ['12230759']
Sending request for: RecName[Title] AND "CELSR1"[Gene Name] AND "Homo sapiens"[Organism] ...
Results: ['22095551']
Sending request for: RecName[Title] AND "EFNB3"[Gene Name] AND "Homo sapiens"[Organism] ...
Results: ['2494367']
Sending request for: RecName[Title] AND "TMEM87A"[Gene Name] AND "Homo sapiens"[Organism] ...
Results: ['126302609']
Sending request for: RecName[Title] AND "ERVMER34-1"[Gene Name] AND "Homo sapiens"[Organism] ...
Results: ['74734033']
Sending request for: RecName[Title] AND "PLBD1"[Gene Name] AND "Homo sapiens"[Organism] ...
Results: ['269849630']
Sending request for: RecName[Title] AND "ACP2"[Gene Name] AND "Homo sapiens"[Organism] ...
Results: ['115502439']
Sending request for: RecName[Title] AND "LRPAP1"[Gene Name] AND "Homo sapiens"[Organism] ...
Results: ['231539']
Sending request for: RecName[Title] AND "CNNM2"[Gene Name] AND "Homo sapiens"[Organism] ...
Results: ['156631023']
Sending request for: RecName[Title] AND "NPTN"[Gene Name] AND "Homo sapiens"[Organism] ...
Results: ['298286871']
Sending request for: RecName[Title] AND "LYPD3"[Gene Name] AND "Homo sapiens"[Organism] ...
Results: ['90185271']
Sending request for: RecName[Title] AND "PTK7"[Gene Name] AND "Homo sapiens"[Organism] ...
Results: ['116242736']
Sending request for: RecName[Title] AND "SCARB2"[Gene Name] AND "Homo sapiens"[Organism] ...
Results: ['2498525']
Sending request for: RecName[Title] AND "CRTAP"[Gene Name] AND "Homo sapiens"[Organism] ...
Results: ['17372894']
Sending request for: RecName[Title] AND "HEXA"[Gene Name] AND "Homo sapiens"[Organism] ...
Results: ['311033393']
Sending request for: RecName[Title] AND "DSG1"[Gene Name] AND "Homo sapiens"[Organism] ...
Results: ['292495005']
Sending request for: RecName[Title] AND "EMC10"[Gene Name] AND "Homo sapiens"[Organism] ...
Results: ['74708213']
Sending request for: RecName[Title] AND "NBL1"[Gene Name] AND "Homo sapiens"[Organism] ...
Results: ['613504516']
Sending request for: RecName[Title] AND "SLC39A6"[Gene Name] AND "Homo sapiens"[Organism] ...
Results: ['292495066']
Sending request for: RecName[Title] AND "FBLN1"[Gene Name] AND "Homo sapiens"[Organism] ...
Results: ['215274249']
Sending request for: RecName[Title] AND "GXYLT2"[Gene Name] AND "Homo sapiens"[Organism] ...
Results: ['152125899']
Sending request for: RecName[Title] AND "LRP1"[Gene Name] AND "Homo sapiens"[Organism] ...
Results: ['317373384']
Sending request for: RecName[Title] AND "TMEM8A"[Gene Name] AND "Homo sapiens"[Organism] ...
Results: ['296453013']
Sending request for: RecName[Title] AND "GLA"[Gene Name] AND "Homo sapiens"[Organism] ...
Results: ['113499', '145566894']
Sending request for: RecName[Title] AND "TMEM2"[Gene Name] AND "Homo sapiens"[Organism] ...
Results: ['74753330']
Sending request for: RecName[Title] AND "PVRL1"[Gene Name] AND "Homo sapiens"[Organism] ...
Results: ['18202503']
Sending request for: RecName[Title] AND "MICA"[Gene Name] AND "Homo sapiens"[Organism] ...
Results: ['74740024']
Sending request for: RecName[Title] AND "CAPRIN1"[Gene Name] AND "Homo sapiens"[Organism] ...
Results: ['182676426']
Sending request for: RecName[Title] AND "B3GALNT1"[Gene Name] AND "Homo sapiens"[Organism] ...
Results: ['51315813']
Sending request for: RecName[Title] AND "COL12A1"[Gene Name] AND "Homo sapiens"[Organism] ...
Results: ['146345397']
Sending request for: RecName[Title] AND "COL5A1"[Gene Name] AND "Homo sapiens"[Organism] ...
Results: ['85687376']
Sending request for: RecName[Title] AND "ERO1LB"[Gene Name] AND "Homo sapiens"[Organism] ...
Results: ['116241353']
Sending request for: RecName[Title] AND "DDX39A"[Gene Name] AND "Homo sapiens"[Organism] ...
Results: ['61212932']
Sending request for: RecName[Title] AND "EDIL3"[Gene Name] AND "Homo sapiens"[Organism] ...
Results: ['41016967']
Sending request for: RecName[Title] AND "TWSG1"[Gene Name] AND "Homo sapiens"[Organism] ...
Results: ['74733506']
Sending request for: RecName[Title] AND "KIAA0319"[Gene Name] AND "Homo sapiens"[Organism] ...
Results: ['74747200']
Sending request for: RecName[Title] AND "SET"[Gene Name] AND "Homo sapiens"[Organism] ...
Results: ['46397790']
Sending request for: RecName[Title] AND "PIGT"[Gene Name] AND "Homo sapiens"[Organism] ...
Results: ['44888284']
Sending request for: RecName[Title] AND "KAL1"[Gene Name] AND "Homo sapiens"[Organism] ...
Results: ['134048661']
Sending request for: RecName[Title] AND "PEMT"[Gene Name] AND "Homo sapiens"[Organism] ...
Results: ['148887406']
Sending request for: RecName[Title] AND "ASAH1"[Gene Name] AND "Homo sapiens"[Organism] ...
Results: ['239938949']
Sending request for: RecName[Title] AND "TUBA1C"[Gene Name] AND "Homo sapiens"[Organism] ...
Results: ['20455322']
Sending request for: RecName[Title] AND "CPQ"[Gene Name] AND "Homo sapiens"[Organism] ...
Results: ['74735298']
Sending request for: RecName[Title] AND "NOTCH1"[Gene Name] AND "Homo sapiens"[Organism] ...
Results: ['206729936']
Sending request for: RecName[Title] AND "NAGLU"[Gene Name] AND "Homo sapiens"[Organism] ...
Results: ['317373322']
Sending request for: RecName[Title] AND "NEU1"[Gene Name] AND "Homo sapiens"[Organism] ...
Results: ['17368612']
Sending request for: RecName[Title] AND "PCDHGC3"[Gene Name] AND "Homo sapiens"[Organism] ...
Results: ['37999813']
Sending request for: RecName[Title] AND "HPX"[Gene Name] AND "Homo sapiens"[Organism] ...
Results: ['1708182']
Sending request for: RecName[Title] AND "ITGA5"[Gene Name] AND "Homo sapiens"[Organism] ...
Results: ['23831237']
Sending request for: RecName[Title] AND "COLGALT1"[Gene Name] AND "Homo sapiens"[Organism] ...
Results: ['74715064']
Sending request for: RecName[Title] AND "APLP2"[Gene Name] AND "Homo sapiens"[Organism] ...
Results: ['1703344']
Sending request for: RecName[Title] AND "LPL"[Gene Name] AND "Homo sapiens"[Organism] ...
Results: ['126314']
Sending request for: RecName[Title] AND "TCTN3"[Gene Name] AND "Homo sapiens"[Organism] ...
Results: ['91208025']
Sending request for: RecName[Title] AND "PIGS"[Gene Name] AND "Homo sapiens"[Organism] ...
Results: ['21759353']
Sending request for: RecName[Title] AND "PGAP1"[Gene Name] AND "Homo sapiens"[Organism] ...
Results: ['74758940']
Sending request for: RecName[Title] AND "PSMB2"[Gene Name] AND "Homo sapiens"[Organism] ...
Results: ['1709762']
Sending request for: RecName[Title] AND "MTHFD1"[Gene Name] AND "Homo sapiens"[Organism] ...
Results: ['115206']
Sending request for: RecName[Title] AND "YIPF3"[Gene Name] AND "Homo sapiens"[Organism] ...
Results: ['74752534']
Sending request for: RecName[Title] AND "PLOD2"[Gene Name] AND "Homo sapiens"[Organism] ...
Results: ['62906878']
Sending request for: RecName[Title] AND "SEMA4B"[Gene Name] AND "Homo sapiens"[Organism] ...
Results: ['29840873']
Sending request for: RecName[Title] AND "TCTN2"[Gene Name] AND "Homo sapiens"[Organism] ...
Results: ['74731861']
Sending request for: RecName[Title] AND "MCAM"[Gene Name] AND "Homo sapiens"[Organism] ...
Results: ['85681878']
Sending request for: RecName[Title] AND "GPR98"[Gene Name] AND "Homo sapiens"[Organism] ...
Results: ['327478512']
Sending request for: RecName[Title] AND "GALNS"[Gene Name] AND "Homo sapiens"[Organism] ...
Results: ['462148']
Sending request for: RecName[Title] AND "ATP6V0A2"[Gene Name] AND "Homo sapiens"[Organism] ...
Results: ['172046607']
Sending request for: RecName[Title] AND "SDK2"[Gene Name] AND "Homo sapiens"[Organism] ...
Results: ['296452966']
Sending request for: RecName[Title] AND "IL17RA"[Gene Name] AND "Homo sapiens"[Organism] ...
Results: ['116242517']
Sending request for: RecName[Title] AND "ERMP1"[Gene Name] AND "Homo sapiens"[Organism] ...
Results: ['117949602']
Sending request for: RecName[Title] AND "F3"[Gene Name] AND "Homo sapiens"[Organism] ...
Results: ['135666']
Sending request for: RecName[Title] AND "UBA1"[Gene Name] AND "Homo sapiens"[Organism] ...
Results: ['24418865']
Sending request for: RecName[Title] AND "P2RX4"[Gene Name] AND "Homo sapiens"[Organism] ...
Results: ['116242696']
Sending request for: RecName[Title] AND "ITGA6"[Gene Name] AND "Homo sapiens"[Organism] ...
Results: ['519668687']
Sending request for: RecName[Title] AND "PSAP"[Gene Name] AND "Homo sapiens"[Organism] ...
Results: ['60416440', '60416439', '74753085', '134218']
Sending request for: RecName[Title] AND "PTPRG"[Gene Name] AND "Homo sapiens"[Organism] ...
Results: ['229463033']
Sending request for: RecName[Title] AND "TMEM131"[Gene Name] AND "Homo sapiens"[Organism] ...
Results: ['327478552']
Sending request for: RecName[Title] AND "XRN2"[Gene Name] AND "Homo sapiens"[Organism] ...
Results: ['30173484']
Sending request for: RecName[Title] AND "SUSD1"[Gene Name] AND "Homo sapiens"[Organism] ...
Results: ['74749394']
Sending request for: RecName[Title] AND "HSP90B1"[Gene Name] AND "Homo sapiens"[Organism] ...
Results: ['119360']
Sending request for: RecName[Title] AND "LAMA1"[Gene Name] AND "Homo sapiens"[Organism] ...
Results: ['281185471']
Sending request for: RecName[Title] AND "MBTPS1"[Gene Name] AND "Homo sapiens"[Organism] ...
Results: ['17368466']
Sending request for: RecName[Title] AND "ITGAV"[Gene Name] AND "Homo sapiens"[Organism] ...
Results: ['143811408']
Sending request for: RecName[Title] AND "TM2D3"[Gene Name] AND "Homo sapiens"[Organism] ...
Results: ['308153510']
Sending request for: RecName[Title] AND "ROBO1"[Gene Name] AND "Homo sapiens"[Organism] ...
Results: ['49036500']
Sending request for: RecName[Title] AND "SIRPA"[Gene Name] AND "Homo sapiens"[Organism] ...
Results: ['327478534']
Sending request for: RecName[Title] AND "AGRN"[Gene Name] AND "Homo sapiens"[Organism] ...
Results: ['460018339']
Sending request for: RecName[Title] AND "CD47"[Gene Name] AND "Homo sapiens"[Organism] ...
Results: ['1171879']
Sending request for: RecName[Title] AND "SEMA3C"[Gene Name] AND "Homo sapiens"[Organism] ...
Results: ['8134685']
Sending request for: RecName[Title] AND "CLPTM1"[Gene Name] AND "Homo sapiens"[Organism] ...
Results: ['74735596']
Sending request for: RecName[Title] AND "EXTL3"[Gene Name] AND "Homo sapiens"[Organism] ...
Results: ['6166159']
Sending request for: RecName[Title] AND "PTGER2"[Gene Name] AND "Homo sapiens"[Organism] ...
Results: ['38258920', '548476']
Sending request for: RecName[Title] AND "CD59"[Gene Name] AND "Homo sapiens"[Organism] ...
Results: ['116021']
Sending request for: RecName[Title] AND "KIAA1161"[Gene Name] AND "Homo sapiens"[Organism] ...
Results: ['158563982']
Sending request for: RecName[Title] AND "M6PR"[Gene Name] AND "Homo sapiens"[Organism] ...
Results: ['127293']
Sending request for: RecName[Title] AND "PVR"[Gene Name] AND "Homo sapiens"[Organism] ...
Results: ['1346922']
Sending request for: RecName[Title] AND "GOLM1"[Gene Name] AND "Homo sapiens"[Organism] ...
Results: ['51316027']
Sending request for: RecName[Title] AND "NXPH4"[Gene Name] AND "Homo sapiens"[Organism] ...
Results: ['61252369']
Sending request for: RecName[Title] AND "SERPINE2"[Gene Name] AND "Homo sapiens"[Organism] ...
Results: ['121110']
Sending request for: RecName[Title] AND "APMAP"[Gene Name] AND "Homo sapiens"[Organism] ...
Results: ['24211474']
Sending request for: RecName[Title] AND "ATP1B1"[Gene Name] AND "Homo sapiens"[Organism] ...
Results: ['114392']
Sending request for: RecName[Title] AND "IGF2R"[Gene Name] AND "Homo sapiens"[Organism] ...
Results: ['317373416']
Sending request for: RecName[Title] AND "MINPP1"[Gene Name] AND "Homo sapiens"[Organism] ...
Results: ['68565617']
Sending request for: RecName[Title] AND "RPS14"[Gene Name] AND "Homo sapiens"[Organism] ...
Results: ['50403752']
Sending request for: RecName[Title] AND "LRRC8A"[Gene Name] AND "Homo sapiens"[Organism] ...
Results: ['37537912']
Sending request for: RecName[Title] AND "YBX3"[Gene Name] AND "Homo sapiens"[Organism] ...
Results: ['97536050']
Sending request for: RecName[Title] AND "GGT1"[Gene Name] AND "Homo sapiens"[Organism] ...
Results: ['93140064']
Sending request for: RecName[Title] AND "INSR"[Gene Name] AND "Homo sapiens"[Organism] ...
Results: ['308153655']
Sending request for: RecName[Title] AND "PTPRF"[Gene Name] AND "Homo sapiens"[Organism] ...
Results: ['226709091']
Sending request for: RecName[Title] AND "FAT3"[Gene Name] AND "Homo sapiens"[Organism] ...
Results: ['172045818']
Sending request for: RecName[Title] AND "ARPC5L"[Gene Name] AND "Homo sapiens"[Organism] ...
Results: ['74752229']
Sending request for: RecName[Title] AND "LGALS3BP"[Gene Name] AND "Homo sapiens"[Organism] ...
Results: ['47115668']
Sending request for: RecName[Title] AND "GDE1"[Gene Name] AND "Homo sapiens"[Organism] ...
Results: ['74734724']
Sending request for: RecName[Title] AND "SIL1"[Gene Name] AND "Homo sapiens"[Organism] ...
Results: ['74733533']
Sending request for: RecName[Title] AND "ITGA1"[Gene Name] AND "Homo sapiens"[Organism] ...
Results: ['124056463']
Sending request for: RecName[Title] AND "KIAA1324L"[Gene Name] AND "Homo sapiens"[Organism] ...
Results: ['189046198']
Sending request for: RecName[Title] AND "WARS"[Gene Name] AND "Homo sapiens"[Organism] ...
Results: ['135191']
Sending request for: RecName[Title] AND "LAMB1"[Gene Name] AND "Homo sapiens"[Organism] ...
Results: ['317373377']
Sending request for: RecName[Title] AND "NPTXR"[Gene Name] AND "Homo sapiens"[Organism] ...
Results: ['229462911']
Sending request for: RecName[Title] AND "SGCE"[Gene Name] AND "Homo sapiens"[Organism] ...
Results: ['251757514']
Sending request for: RecName[Title] AND "AKAP12"[Gene Name] AND "Homo sapiens"[Organism] ...
Results: ['317373554']
Sending request for: RecName[Title] AND "KPNA2"[Gene Name] AND "Homo sapiens"[Organism] ...
Results: ['1708480']
Sending request for: RecName[Title] AND "METAP2"[Gene Name] AND "Homo sapiens"[Organism] ...
Results: ['1703273']
Sending request for: RecName[Title] AND "LMF2"[Gene Name] AND "Homo sapiens"[Organism] ...
Results: ['74733167']
Sending request for: RecName[Title] AND "BMP3"[Gene Name] AND "Homo sapiens"[Organism] ...
Results: ['215273985']
Sending request for: RecName[Title] AND "PPT1"[Gene Name] AND "Homo sapiens"[Organism] ...
Results: ['1709747']
Sending request for: RecName[Title] AND "RECK"[Gene Name] AND "Homo sapiens"[Organism] ...
Results: ['20178043']
Sending request for: RecName[Title] AND "CAD"[Gene Name] AND "Homo sapiens"[Organism] ...
Results: ['338817891', '50403731', '9087148']
Sending request for: RecName[Title] AND "CRELD1"[Gene Name] AND "Homo sapiens"[Organism] ...
Results: ['209572751']
Sending request for: RecName[Title] AND "TMED4"[Gene Name] AND "Homo sapiens"[Organism] ...
Results: ['62287892']
Sending request for: RecName[Title] AND "DDOST"[Gene Name] AND "Homo sapiens"[Organism] ...
Results: ['239938926']
Sending request for: RecName[Title] AND "VTN"[Gene Name] AND "Homo sapiens"[Organism] ...
Results: ['139653']
Sending request for: RecName[Title] AND "CD109"[Gene Name] AND "Homo sapiens"[Organism] ...
Results: ['117949389']
Sending request for: RecName[Title] AND "LTBP3"[Gene Name] AND "Homo sapiens"[Organism] ...
Results: ['296439311', '116242623']
Sending request for: RecName[Title] AND "SEMA4D"[Gene Name] AND "Homo sapiens"[Organism] ...
Results: ['8134701']
Sending request for: RecName[Title] AND "XRCC6"[Gene Name] AND "Homo sapiens"[Organism] ...
Results: ['125729']
Sending request for: RecName[Title] AND "DDRGK1"[Gene Name] AND "Homo sapiens"[Organism] ...
Results: ['37077728']
Sending request for: RecName[Title] AND "B3GNT2"[Gene Name] AND "Homo sapiens"[Organism] ...
Results: ['29840874']
Sending request for: RecName[Title] AND "ENTPD4"[Gene Name] AND "Homo sapiens"[Organism] ...
Results: ['18203627']
Sending request for: RecName[Title] AND "FAS"[Gene Name] AND "Homo sapiens"[Organism] ...
Results: ['269849686', '119833']
Sending request for: RecName[Title] AND "NUP210"[Gene Name] AND "Homo sapiens"[Organism] ...
Results: ['116242720']
Sending request for: RecName[Title] AND "ENPP5"[Gene Name] AND "Homo sapiens"[Organism] ...
Results: ['50401201']
Sending request for: RecName[Title] AND "CACHD1"[Gene Name] AND "Homo sapiens"[Organism] ...
Results: ['158563905']
Sending request for: RecName[Title] AND "FKBP10"[Gene Name] AND "Homo sapiens"[Organism] ...
Results: ['23396594']
Sending request for: RecName[Title] AND "EMB"[Gene Name] AND "Homo sapiens"[Organism] ...
Results: ['83286878']
Sending request for: RecName[Title] AND "SLC12A6"[Gene Name] AND "Homo sapiens"[Organism] ...
Results: ['27151690']
Sending request for: RecName[Title] AND "PPIA"[Gene Name] AND "Homo sapiens"[Organism] ...
Results: ['51702775']
Sending request for: RecName[Title] AND "F2R"[Gene Name] AND "Homo sapiens"[Organism] ...
Results: ['20178318']
Sending request for: RecName[Title] AND "HGSNAT"[Gene Name] AND "Homo sapiens"[Organism] ...
Results: ['124007195']
Sending request for: RecName[Title] AND "HLA-DQB2"[Gene Name] AND "Homo sapiens"[Organism] ...
Results: ['122271']
Sending request for: RecName[Title] AND "GPC1"[Gene Name] AND "Homo sapiens"[Organism] ...
Results: ['292495012']
Sending request for: RecName[Title] AND "CADM1"[Gene Name] AND "Homo sapiens"[Organism] ...
Results: ['150438862']
Sending request for: RecName[Title] AND "RPN2"[Gene Name] AND "Homo sapiens"[Organism] ...
Results: ['9297108']
Sending request for: RecName[Title] AND "SLC12A9"[Gene Name] AND "Homo sapiens"[Organism] ...
Results: ['74752435']
Sending request for: RecName[Title] AND "ADAM17"[Gene Name] AND "Homo sapiens"[Organism] ...
Results: ['14423632']
Sending request for: RecName[Title] AND "CPM"[Gene Name] AND "Homo sapiens"[Organism] ...
Results: ['14916957']
Sending request for: RecName[Title] AND "TMEM106B"[Gene Name] AND "Homo sapiens"[Organism] ...
Results: ['109895058']
Sending request for: RecName[Title] AND "TMEM63A"[Gene Name] AND "Homo sapiens"[Organism] ...
Results: ['134035045']
Sending request for: RecName[Title] AND "PLOD3"[Gene Name] AND "Homo sapiens"[Organism] ...
Results: ['6093731']
Sending request for: RecName[Title] AND "ADAMTS15"[Gene Name] AND "Homo sapiens"[Organism] ...
Results: ['48474504']
Sending request for: RecName[Title] AND "POFUT1"[Gene Name] AND "Homo sapiens"[Organism] ...
Results: ['23396787']
Sending request for: RecName[Title] AND "SLC1A3"[Gene Name] AND "Homo sapiens"[Organism] ...
Results: ['1169458']
Sending request for: RecName[Title] AND "NGFR"[Gene Name] AND "Homo sapiens"[Organism] ...
Results: ['128156']
Sending request for: RecName[Title] AND "CLTA"[Gene Name] AND "Homo sapiens"[Organism] ...
Results: ['116501']
Sending request for: RecName[Title] AND "VPS13D"[Gene Name] AND "Homo sapiens"[Organism] ...
Results: ['613504586']
Sending request for: RecName[Title] AND "GPR64"[Gene Name] AND "Homo sapiens"[Organism] ...
Results: ['229462874']
Sending request for: RecName[Title] AND "CTNS"[Gene Name] AND "Homo sapiens"[Organism] ...
Results: ['269849555']
Sending request for: RecName[Title] AND "IGHA2"[Gene Name] AND "Homo sapiens"[Organism] ...
Results: ['218512088']
Sending request for: RecName[Title] AND "ARSK"[Gene Name] AND "Homo sapiens"[Organism] ...
Results: ['74738157']
Sending request for: RecName[Title] AND "FCGRT"[Gene Name] AND "Homo sapiens"[Organism] ...
Results: ['2497331']
Sending request for: RecName[Title] AND "PODXL2"[Gene Name] AND "Homo sapiens"[Organism] ...
Results: ['74734719']
Sending request for: RecName[Title] AND "HM13"[Gene Name] AND "Homo sapiens"[Organism] ...
Results: ['25008563']
Sending request for: RecName[Title] AND "TGFB1"[Gene Name] AND "Homo sapiens"[Organism] ...
Results: ['135674']
Sending request for: RecName[Title] AND "EPHA7"[Gene Name] AND "Homo sapiens"[Organism] ...
Results: ['146345416']
Sending request for: RecName[Title] AND "DNAJC10"[Gene Name] AND "Homo sapiens"[Organism] ...
Results: ['142981524']
Sending request for: RecName[Title] AND "RNASET2"[Gene Name] AND "Homo sapiens"[Organism] ...
Results: ['20139363']
Sending request for: RecName[Title] AND "LYPD1"[Gene Name] AND "Homo sapiens"[Organism] ...
Results: ['92058725']
Sending request for: RecName[Title] AND "LCAT"[Gene Name] AND "Homo sapiens"[Organism] ...
Results: ['125993']
Sending request for: RecName[Title] AND "EMILIN2"[Gene Name] AND "Homo sapiens"[Organism] ...
Results: ['296439365']
Sending request for: RecName[Title] AND "CD58"[Gene Name] AND "Homo sapiens"[Organism] ...
Results: ['126225']
Sending request for: RecName[Title] AND "HACD3"[Gene Name] AND "Homo sapiens"[Organism] ...
Results: ['166199462']
Sending request for: RecName[Title] AND "SUN1"[Gene Name] AND "Homo sapiens"[Organism] ...
Results: ['32700069']
Sending request for: RecName[Title] AND "ALPL"[Gene Name] AND "Homo sapiens"[Organism] ...
Results: ['68067533']
Sending request for: RecName[Title] AND "PRPF40A"[Gene Name] AND "Homo sapiens"[Organism] ...
Results: ['34222504']
Sending request for: RecName[Title] AND "EPHA4"[Gene Name] AND "Homo sapiens"[Organism] ...
Results: ['1711371']
Sending request for: RecName[Title] AND "DAG1"[Gene Name] AND "Homo sapiens"[Organism] ...
Results: ['229462879']
Sending request for: RecName[Title] AND "ST6GAL1"[Gene Name] AND "Homo sapiens"[Organism] ...
Results: ['115445']
Sending request for: RecName[Title] AND "POMK"[Gene Name] AND "Homo sapiens"[Organism] ...
Results: ['74761446']
Sending request for: RecName[Title] AND "PXDN"[Gene Name] AND "Homo sapiens"[Organism] ...
Results: ['172045828']
Sending request for: RecName[Title] AND "FZD2"[Gene Name] AND "Homo sapiens"[Organism] ...
Results: ['17433019']
Sending request for: RecName[Title] AND "SLC30A1"[Gene Name] AND "Homo sapiens"[Organism] ...
Results: ['251757423']
Sending request for: RecName[Title] AND "PTPRM"[Gene Name] AND "Homo sapiens"[Organism] ...
Results: ['206729890']
Sending request for: RecName[Title] AND "SEPN1"[Gene Name] AND "Homo sapiens"[Organism] ...
Results: ['317373588']
Sending request for: RecName[Title] AND "GPAA1"[Gene Name] AND "Homo sapiens"[Organism] ...
Results: ['44887920']
Sending request for: RecName[Title] AND "LEPREL2"[Gene Name] AND "Homo sapiens"[Organism] ...
Results: ['74714366']
Sending request for: RecName[Title] AND "VCP"[Gene Name] AND "Homo sapiens"[Organism] ...
Results: ['6094447']
Sending request for: RecName[Title] AND "TMEM67"[Gene Name] AND "Homo sapiens"[Organism] ...
Results: ['317373389']
Sending request for: RecName[Title] AND "SYP"[Gene Name] AND "Homo sapiens"[Organism] ...
Results: ['135162']
Sending request for: RecName[Title] AND "SLC19A1"[Gene Name] AND "Homo sapiens"[Organism] ...
Results: ['12643280']
Sending request for: RecName[Title] AND "SERPINC1"[Gene Name] AND "Homo sapiens"[Organism] ...
Results: ['113936']
Sending request for: RecName[Title] AND "LOXL2"[Gene Name] AND "Homo sapiens"[Organism] ...
Results: ['13878585']
Sending request for: RecName[Title] AND "DNAJB11"[Gene Name] AND "Homo sapiens"[Organism] ...
Results: ['18203497']
Sending request for: RecName[Title] AND "LARGE"[Gene Name] AND "Homo sapiens"[Organism] ...
Results: ['22001684']
Sending request for: RecName[Title] AND "LSAMP"[Gene Name] AND "Homo sapiens"[Organism] ...
Results: ['116242621']
Sending request for: RecName[Title] AND "ITFG3"[Gene Name] AND "Homo sapiens"[Organism] ...
Results: ['74733531']
Sending request for: RecName[Title] AND "PCDH7"[Gene Name] AND "Homo sapiens"[Organism] ...
Results: ['254763320']
Sending request for: RecName[Title] AND "TMEM106C"[Gene Name] AND "Homo sapiens"[Organism] ...
Results: ['74733372']
Sending request for: RecName[Title] AND "ENPP4"[Gene Name] AND "Homo sapiens"[Organism] ...
Results: ['172045555']
Sending request for: RecName[Title] AND "H6PD"[Gene Name] AND "Homo sapiens"[Organism] ...
Results: ['108884809']
Sending request for: RecName[Title] AND "COL14A1"[Gene Name] AND "Homo sapiens"[Organism] ...
Results: ['125987815']
Sending request for: RecName[Title] AND "SLC9A6"[Gene Name] AND "Homo sapiens"[Organism] ...
Results: ['6919937']
Sending request for: RecName[Title] AND "PCYOX1L"[Gene Name] AND "Homo sapiens"[Organism] ...
Results: ['298286841']
Sending request for: RecName[Title] AND "TMEM87B"[Gene Name] AND "Homo sapiens"[Organism] ...
Results: ['74732185']
Sending request for: RecName[Title] AND "LGR4"[Gene Name] AND "Homo sapiens"[Organism] ...
Results: ['212286375']
Sending request for: RecName[Title] AND "GGH"[Gene Name] AND "Homo sapiens"[Organism] ...
Results: ['6016127']
Sending request for: RecName[Title] AND "CNTN4"[Gene Name] AND "Homo sapiens"[Organism] ...
Results: ['55976529']
Sending request for: RecName[Title] AND "GGCX"[Gene Name] AND "Homo sapiens"[Organism] ...
Results: ['84028279']
Sending request for: RecName[Title] AND "ABCE1"[Gene Name] AND "Homo sapiens"[Organism] ...
Results: ['47117664']
Sending request for: RecName[Title] AND "MEGF9"[Gene Name] AND "Homo sapiens"[Organism] ...
Results: ['116242627']
Sending request for: RecName[Title] AND "CA12"[Gene Name] AND "Homo sapiens"[Organism] ...
Results: ['5915866']
Sending request for: RecName[Title] AND "TOR1AIP1"[Gene Name] AND "Homo sapiens"[Organism] ...
Results: ['90101788']
Sending request for: RecName[Title] AND "ERAP1"[Gene Name] AND "Homo sapiens"[Organism] ...
Results: ['158937334']
Sending request for: RecName[Title] AND "F11R"[Gene Name] AND "Homo sapiens"[Organism] ...
Results: ['10720061']
Sending request for: RecName[Title] AND "SUCO"[Gene Name] AND "Homo sapiens"[Organism] ...
Results: ['74761893']
Sending request for: RecName[Title] AND "WNT5B"[Gene Name] AND "Homo sapiens"[Organism] ...
Results: ['20532427']
Sending request for: RecName[Title] AND "PLXDC2"[Gene Name] AND "Homo sapiens"[Organism] ...
Results: ['74749416']
Sending request for: RecName[Title] AND "GALNT10"[Gene Name] AND "Homo sapiens"[Organism] ...
Results: ['51315962']
Sending request for: RecName[Title] AND "PROCR"[Gene Name] AND "Homo sapiens"[Organism] ...
Results: ['13626550']
Sending request for: RecName[Title] AND "EIF2AK3"[Gene Name] AND "Homo sapiens"[Organism] ...
Results: ['296439367']
Sending request for: RecName[Title] AND "KIAA1549"[Gene Name] AND "Homo sapiens"[Organism] ...
Results: ['327478603']
Sending request for: RecName[Title] AND "CDH7"[Gene Name] AND "Homo sapiens"[Organism] ...
Results: ['296434420']

FetchIDs are ready.
Storing updated spectrum file to include FetchIDs for every GeneName ...
file is stored as ../raw_data/New_files_to_analyze/011216 glycocapture 90-90/peptides_with_fetch.csv


Posting and fetching genebank records corresponding to the available FetchIDs from the Protein DB ...
Going to download record 1 to 60
Going to download record 61 to 120
Going to download record 121 to 180
Going to download record 181 to 240
Going to download record 241 to 300
Going to download record 301 to 360
Going to download record 361 to 420
Going to download record 421 to 480
Going to download record 481 to 540
Going to download record 541 to 600
Going to download record 601 to 660
Going to download record 661 to 685
Fetched genebank records are stored in ../raw_data/New_files_to_analyze/011216 glycocapture 90-90/pulled_proteins.gb.
Check for BioPython gb consistency before processing ...
THE END
